<?xml version="1.0" encoding="UTF-8"?>
<!-- Generated by org.testng.reporters.JUnitReportReporter -->
<testsuite hostname="DESKTOP-O77GU5V" failures="0" tests="1" name="MMT_FINAL_PROJECT.MMT_FINAL_PROJECT.AppTest" time="0.015" errors="0" timestamp="2022-01-07T18:17:27 IST" skipped="0">
  <testcase classname="MMT_FINAL_PROJECT.MMT_FINAL_PROJECT.AppTest" name="testApp" time="0.015"/>
  <system-out/>
</testsuite> <!-- MMT_FINAL_PROJECT.MMT_FINAL_PROJECT.AppTest -->
